INFO:     Will watch for changes in these directories: ['/Users/ivanscherbakov/Documents/ВУЗ/ИТиП/ЛАБ1']
INFO:     Uvicorn running on http://0.0.0.0:8000 (Press CTRL+C to quit)
INFO:     Started reloader process [54544] using StatReload
ERROR:    Error loading ASGI app. Could not import module "Api".
WARNING:  StatReload detected changes in 'API.py'. Reloading...
Fatal Python error: init_sys_streams: can't initialize sys standard streams
Python runtime state: core initialized
OSError: [Errno 9] Bad file descriptor

Current thread 0x00000001ed168840 (most recent call first):
  <no Python frame>
WARNING:  StatReload detected changes in 'API.py'. Reloading...
Fatal Python error: init_sys_streams: can't initialize sys standard streams
Python runtime state: core initialized
OSError: [Errno 9] Bad file descriptor

Current thread 0x00000001ed168840 (most recent call first):
  <no Python frame>
WARNING:  StatReload detected changes in 'API.py'. Reloading...
Fatal Python error: init_sys_streams: can't initialize sys standard streams
Python runtime state: core initialized
OSError: [Errno 9] Bad file descriptor

Current thread 0x00000001ed168840 (most recent call first):
  <no Python frame>
INFO:     Will watch for changes in these directories: ['/Users/ivanscherbakov/Documents/ВУЗ/ИТиП/ЛАБ1']
ERROR:    [Errno 48] Address already in use
